<?xml version="1.0" encoding="UTF-8"?>
<!-- Generated by org.testng.reporters.JUnitReportReporter -->
<testsuite hostname="DESKTOP-PATT121" failures="0" tests="3" name="TestNGAssignment.ProjectModule" time="0.002" errors="0" timestamp="2024-03-24T23:36:34 IST" skipped="0">
  <testcase classname="TestNGAssignment.ProjectModule" name="modifyProject" time="0.001"/>
  <system-out>
    <![CDATA[modifyProject]]>
  </system-out>
  <testcase classname="TestNGAssignment.ProjectModule" name="deleteProject" time="0.001"/>
  <system-out>
    <![CDATA[deleteProject]]>
  </system-out>
  <testcase classname="TestNGAssignment.ProjectModule" name="createProject" time="0.000"/>
  <system-out>
    <![CDATA[createProject]]>
  </system-out>
</testsuite> <!-- TestNGAssignment.ProjectModule -->
