<?xml version="1.0" encoding="UTF-8"?>
<!-- Generated by org.testng.reporters.JUnitReportReporter -->
<testsuite hostname="DESKTOP-PATT121" failures="0" tests="1" name="Assignments.DemoTestNG" time="0.010" errors="0" timestamp="2024-03-31T13:56:22 IST" skipped="0">
  <testcase classname="Assignments.DemoTestNG" name="demo" time="0.010"/>
  <system-out>
    <![CDATA[Welcome to TestNG]]>
  </system-out>
</testsuite> <!-- Assignments.DemoTestNG -->
