<?xml version="1.0" encoding="UTF-8"?>
<!-- Generated by org.testng.reporters.JUnitReportReporter -->
<testsuite hostname="DESKTOP-PATT121" failures="0" tests="4" name="TestNGAssignment.CustomerModule" time="0.008" errors="0" timestamp="2024-03-26T00:13:49 IST" skipped="0">
  <testcase classname="TestNGAssignment.CustomerModule" name="deleteCustomer" time="0.003"/>
  <system-out>
    <![CDATA[deleteCustomer]]>
  </system-out>
  <testcase classname="TestNGAssignment.CustomerModule" name="registerCustomer" time="0.000"/>
  <system-out>
    <![CDATA[registerCustomer]]>
  </system-out>
  <testcase classname="TestNGAssignment.CustomerModule" name="editCustomer" time="0.004"/>
  <system-out>
    <![CDATA[editCustomer]]>
  </system-out>
  <testcase classname="TestNGAssignment.CustomerModule" name="editCustomer" time="0.001"/>
  <system-out>
    <![CDATA[editCustomer]]>
  </system-out>
</testsuite> <!-- TestNGAssignment.CustomerModule -->
