<?xml version="1.0" encoding="UTF-8"?>
<!-- Generated by org.testng.reporters.JUnitReportReporter -->
<testsuite hostname="DESKTOP-PATT121" failures="0" tests="1" name="com.actitime.testscript.TaskModule" time="0.001" errors="0" timestamp="2024-03-31T16:13:15 IST" skipped="0">
  <testcase classname="com.actitime.testscript.TaskModule" name="createTask" time="0.001"/>
  <system-out>
    <![CDATA[createTask]]>
  </system-out>
</testsuite> <!-- com.actitime.testscript.TaskModule -->
