<?xml version="1.0" encoding="UTF-8"?>
<!-- Generated by org.testng.reporters.JUnitReportReporter -->
<testsuite hostname="DESKTOP-PATT121" failures="0" tests="3" name="TestNGAssignment.TaskModule" time="0.009" errors="0" timestamp="2024-03-24T23:36:34 IST" skipped="0">
  <testcase classname="TestNGAssignment.TaskModule" name="createTask" time="0.001"/>
  <system-out>
    <![CDATA[createTask]]>
  </system-out>
  <testcase classname="TestNGAssignment.TaskModule" name="deleteTask" time="0.007"/>
  <system-out>
    <![CDATA[deleteTask]]>
  </system-out>
  <testcase classname="TestNGAssignment.TaskModule" name="modifyTask" time="0.001"/>
  <system-out>
    <![CDATA[modifyTask]]>
  </system-out>
</testsuite> <!-- TestNGAssignment.TaskModule -->
