<?xml version="1.0" encoding="UTF-8"?>
<!-- Generated by org.testng.reporters.JUnitReportReporter -->
<testsuite hostname="DESKTOP-PATT121" failures="0" tests="1" name="com.actitime.testscript.TestMethodCls" time="2.097" errors="0" timestamp="2024-04-01T23:44:29 IST" skipped="0">
  <testcase classname="com.actitime.testscript.TestMethodCls" name="validLogin" time="2.097"/>
  <system-out/>
</testsuite> <!-- com.actitime.testscript.TestMethodCls -->
